#
# A fatal error has been detected by the Java Runtime Environment:
#
#  EXCEPTION_ACCESS_VIOLATION (0xc0000005) at pc=0x00000000733082b5, pid=8536, tid=4884
#
# JRE version: Java(TM) SE Runtime Environment (8.0_45-b15) (build 1.8.0_45-b15)
# Java VM: Java HotSpot(TM) 64-Bit Server VM (25.45-b02 mixed mode windows-amd64 compressed oops)
# Problematic frame:
# V  [jvm.dll+0x1282b5]
#
# Failed to write core dump. Minidumps are not enabled by default on client versions of Windows
#
# If you would like to submit a bug report, please visit:
#   http://bugreport.java.com/bugreport/crash.jsp
#

---------------  T H R E A D  ---------------

Current thread (0x00000000200da000):  JavaThread "JDWP Transport Listener: dt_socket" daemon [_thread_in_vm, id=4884, stack(0x00000000209e0000,0x0000000020ae0000)]

siginfo: ExceptionCode=0xc0000005, reading address 0xffffffffffffffff

Registers:
RAX=0x0000000020adf001, RBX=0x00000000200da000, RCX=0x3b6e69616d6f446e, RDX=0x0000000000000000
RSP=0x0000000020adf020, RBP=0x3b6e69616d6f446e, RSI=0x0000000020adf138, RDI=0x00000000046929d0
R8 =0x00000000200da000, R9 =0x0000000000008000, R10=0x0000000025a70010, R11=0x0000000025294d92
R12=0x0000000000000000, R13=0x00000000200da7e8, R14=0x0000000000000000, R15=0x0000000000000000
RIP=0x00000000733082b5, EFLAGS=0x0000000000010202

Top of Stack: (sp=0x0000000020adf020)
0x0000000020adf020:   00000000200da000 00000000200da000
0x0000000020adf030:   0000000020adf0e8 000000007350c7db
0x0000000020adf040:   00000000200da000 000000007352903d
0x0000000020adf050:   0000000000000026 0000000076c79155
0x0000000020adf060:   00000000258d0308 0000000076c8291e
0x0000000020adf070:   00000000200da000 0000000000000000
0x0000000020adf080:   0000000000000000 0000000000000000
0x0000000020adf090:   3b6e69616d6f446e 0000000076c81a15
0x0000000020adf0a0:   0000000020adf138 0000000020adf110
0x0000000020adf0b0:   0000000000000001 00000000258d0308
0x0000000020adf0c0:   3b6e69616d6f446e 0000000076c653b3
0x0000000020adf0d0:   0000000020adf200 0000000000000001
0x0000000020adf0e0:   0000000000000001 00000000258d0308
0x0000000020adf0f0:   0000000000000001 0000000000000000
0x0000000020adf100:   0000000000000000 0000000000000000
0x0000000020adf110:   0000000000000001 0000000076c65571 

Instructions: (pc=0x00000000733082b5)
0x0000000073308295:   cc cc cc cc cc cc cc cc cc cc cc 48 83 ec 28 48
0x00000000733082a5:   85 c9 75 07 33 c0 48 83 c4 28 c3 48 89 5c 24 20
0x00000000733082b5:   48 8b 19 48 85 db 74 20 48 83 fb 37 74 1a 48 8b
0x00000000733082c5:   13 48 8b cb ff 52 10 84 c0 74 0d 48 8b c3 48 8b 


Register to memory mapping:

RAX=0x0000000020adf001 is pointing into the stack for thread: 0x00000000200da000
RBX=0x00000000200da000 is a thread
RCX=0x3b6e69616d6f446e is an unknown value
RDX=0x0000000000000000 is an unknown value
RSP=0x0000000020adf020 is pointing into the stack for thread: 0x00000000200da000
RBP=0x3b6e69616d6f446e is an unknown value
RSI=0x0000000020adf138 is pointing into the stack for thread: 0x00000000200da000
RDI=0x00000000046929d0 is an unknown value
R8 =0x00000000200da000 is a thread
R9 =0x0000000000008000 is an unknown value
R10=0x0000000025a70010 is an unknown value
R11=0x0000000025294d92 is an unknown value
R12=0x0000000000000000 is an unknown value
R13=0x00000000200da7e8 is an unknown value
R14=0x0000000000000000 is an unknown value
R15=0x0000000000000000 is an unknown value


Stack: [0x00000000209e0000,0x0000000020ae0000],  sp=0x0000000020adf020,  free space=1020k
Native frames: (J=compiled Java code, j=interpreted, Vv=VM code, C=native code)
V  [jvm.dll+0x1282b5]
V  [jvm.dll+0x34903d]
C  [jdwp.dll+0x21a15]
C  [jdwp.dll+0x53b3]
C  [jdwp.dll+0x5571]
C  [jdwp.dll+0xf0a8]
C  [jdwp.dll+0x1f2d5]
C  [jdwp.dll+0x1f4aa]
V  [jvm.dll+0x1bae98]
V  [jvm.dll+0x241984]
V  [jvm.dll+0x29853a]
C  [msvcr100.dll+0x21d9f]
C  [msvcr100.dll+0x21e3b]
C  [KERNEL32.DLL+0x14034]
C  [ntdll.dll+0x73691]


---------------  P R O C E S S  ---------------

Java Threads: ( => current thread )
  0x00000000255ab800 JavaThread "http-nio-8080-Acceptor-0" daemon [_thread_in_native, id=17764, stack(0x00000000445c0000,0x00000000446c0000)]
  0x00000000255ae000 JavaThread "http-nio-8080-ClientPoller-1" daemon [_thread_in_native, id=19604, stack(0x00000000444c0000,0x00000000445c0000)]
  0x00000000255b2800 JavaThread "http-nio-8080-ClientPoller-0" daemon [_thread_in_native, id=9696, stack(0x00000000443c0000,0x00000000444c0000)]
  0x00000000255b1800 JavaThread "http-nio-8080-exec-10" daemon [_thread_blocked, id=988, stack(0x00000000442c0000,0x00000000443c0000)]
  0x00000000255b1000 JavaThread "http-nio-8080-exec-9" daemon [_thread_blocked, id=8104, stack(0x00000000441c0000,0x00000000442c0000)]
  0x00000000255ad000 JavaThread "http-nio-8080-exec-8" daemon [_thread_blocked, id=13308, stack(0x00000000440c0000,0x00000000441c0000)]
  0x00000000255ae800 JavaThread "http-nio-8080-exec-7" daemon [_thread_blocked, id=19348, stack(0x0000000043fc0000,0x00000000440c0000)]
  0x0000000025544000 JavaThread "http-nio-8080-exec-6" daemon [_thread_blocked, id=20124, stack(0x0000000043ec0000,0x0000000043fc0000)]
  0x0000000025543000 JavaThread "http-nio-8080-exec-5" daemon [_thread_blocked, id=17224, stack(0x0000000043dc0000,0x0000000043ec0000)]
  0x0000000025542800 JavaThread "http-nio-8080-exec-4" daemon [_thread_blocked, id=16792, stack(0x0000000043cc0000,0x0000000043dc0000)]
  0x0000000025540000 JavaThread "http-nio-8080-exec-3" daemon [_thread_blocked, id=10808, stack(0x0000000043bc0000,0x0000000043cc0000)]
  0x0000000025547000 JavaThread "http-nio-8080-exec-2" daemon [_thread_blocked, id=19588, stack(0x0000000043ac0000,0x0000000043bc0000)]
  0x0000000025545800 JavaThread "http-nio-8080-exec-1" daemon [_thread_blocked, id=12640, stack(0x00000000439c0000,0x0000000043ac0000)]
  0x000000002553f800 JavaThread "NioBlockingSelector.BlockPoller-9" daemon [_thread_in_native, id=17956, stack(0x00000000438c0000,0x00000000439c0000)]
  0x0000000025541000 JavaThread "File Watcher" daemon [_thread_blocked, id=12504, stack(0x00000000437c0000,0x00000000438c0000)]
  0x0000000025546000 JavaThread "container-0" [_thread_blocked, id=10060, stack(0x00000000435c0000,0x00000000436c0000)]
  0x0000000025538000 JavaThread "Catalina-utility-2" [_thread_blocked, id=13556, stack(0x00000000434c0000,0x00000000435c0000)]
  0x000000002553e000 JavaThread "Catalina-utility-1" [_thread_blocked, id=3768, stack(0x00000000433c0000,0x00000000434c0000)]
  0x000000002553a000 JavaThread "CleanCursors-9-thread-1" daemon [_thread_blocked, id=7152, stack(0x00000000432c0000,0x00000000433c0000)]
  0x000000002553d000 JavaThread "cluster-ClusterId{value='5d076aa49f51cd21583e06dc', description='null'}-localhost:27017" daemon [_thread_blocked, id=19812, stack(0x00000000431c0000,0x00000000432c0000)]
  0x000000002553b800 JavaThread "RMI TCP Connection(idle)" daemon [_thread_blocked, id=15780, stack(0x0000000040fc0000,0x00000000410c0000)]
  0x000000002553b000 JavaThread "RMI TCP Connection(idle)" daemon [_thread_blocked, id=18940, stack(0x0000000040ec0000,0x0000000040fc0000)]
  0x00000000255b3000 JavaThread "JMX server connection timeout 246" daemon [_thread_blocked, id=15456, stack(0x000000003f3c0000,0x000000003f4c0000)]
  0x000000002553e800 JavaThread "RMI TCP Connection(idle)" daemon [_thread_blocked, id=12532, stack(0x000000003a9c0000,0x000000003aac0000)]
  0x000000002553c800 JavaThread "RMI TCP Connection(idle)" daemon [_thread_blocked, id=15140, stack(0x000000003a8c0000,0x000000003a9c0000)]
  0x00000000255ac800 JavaThread "pool-2-thread-1" [_thread_blocked, id=17908, stack(0x00000000355c0000,0x00000000356c0000)]
  0x00000000255b0000 JavaThread "pool-1-thread-1" [_thread_blocked, id=16428, stack(0x000000002f6c0000,0x000000002f7c0000)]
  0x0000000025541800 JavaThread "DestroyJavaVM" [_thread_blocked, id=19024, stack(0x00000000044e0000,0x00000000045e0000)]
  0x00000000235eb800 JavaThread "RMI TCP Connection(43)-127.0.0.1" daemon [_thread_in_native, id=18316, stack(0x00000000264c0000,0x00000000265c0000)]
  0x0000000021730800 JavaThread "JMX server connection timeout 23" daemon [_thread_blocked, id=14820, stack(0x0000000022c20000,0x0000000022d20000)]
  0x00000000216bf800 JavaThread "JMX server connection timeout 21" daemon [_thread_blocked, id=13084, stack(0x0000000022720000,0x0000000022820000)]
  0x000000002164a000 JavaThread "RMI Scheduler(0)" daemon [_thread_blocked, id=6828, stack(0x0000000022320000,0x0000000022420000)]
  0x0000000021475800 JavaThread "RMI TCP Accept-0" daemon [_thread_in_native, id=12548, stack(0x0000000021ee0000,0x0000000021fe0000)]
  0x0000000021456000 JavaThread "RMI TCP Accept-54448" daemon [_thread_in_native, id=15836, stack(0x0000000021de0000,0x0000000021ee0000)]
  0x0000000021447800 JavaThread "RMI TCP Accept-0" daemon [_thread_in_native, id=11824, stack(0x0000000021ae0000,0x0000000021be0000)]
  0x0000000020192000 JavaThread "Service Thread" daemon [_thread_blocked, id=3648, stack(0x00000000210e0000,0x00000000211e0000)]
  0x0000000020103800 JavaThread "C1 CompilerThread3" daemon [_thread_blocked, id=1884, stack(0x0000000020fe0000,0x00000000210e0000)]
  0x0000000020103000 JavaThread "C2 CompilerThread2" daemon [_thread_blocked, id=10768, stack(0x0000000020ee0000,0x0000000020fe0000)]
  0x0000000020102000 JavaThread "C2 CompilerThread1" daemon [_thread_blocked, id=3416, stack(0x0000000020de0000,0x0000000020ee0000)]
  0x00000000200f5800 JavaThread "C2 CompilerThread0" daemon [_thread_blocked, id=4408, stack(0x0000000020ce0000,0x0000000020de0000)]
  0x00000000200e9000 JavaThread "JDWP Command Reader" daemon [_thread_in_native, id=15844, stack(0x0000000020be0000,0x0000000020ce0000)]
  0x00000000200e5800 JavaThread "JDWP Event Helper Thread" daemon [_thread_blocked, id=13692, stack(0x0000000020ae0000,0x0000000020be0000)]
=>0x00000000200da000 JavaThread "JDWP Transport Listener: dt_socket" daemon [_thread_in_vm, id=4884, stack(0x00000000209e0000,0x0000000020ae0000)]
  0x00000000200d0000 JavaThread "Attach Listener" daemon [_thread_blocked, id=17972, stack(0x00000000205a0000,0x00000000206a0000)]
  0x00000000200cf000 JavaThread "Signal Dispatcher" daemon [_thread_blocked, id=9244, stack(0x00000000204a0000,0x00000000205a0000)]
  0x000000000478a000 JavaThread "Finalizer" daemon [_thread_blocked, id=19068, stack(0x000000001ffa0000,0x00000000200a0000)]
  0x000000001e0dd800 JavaThread "Reference Handler" daemon [_thread_blocked, id=19120, stack(0x000000001fea0000,0x000000001ffa0000)]

Other Threads:
  0x000000001e0d9800 VMThread [stack: 0x000000001fda0000,0x000000001fea0000] [id=19012]
  0x0000000021476800 WatcherThread [stack: 0x0000000021fe0000,0x00000000220e0000] [id=19652]

VM state:not at safepoint (normal execution)

VM Mutex/Monitor currently owned by a thread: None

Heap:
 PSYoungGen      total 575488K, used 337362K [0x000000076bb80000, 0x0000000791980000, 0x00000007c0000000)
  eden space 564224K, 59% used [0x000000076bb80000,0x00000007804f4858,0x000000078e280000)
  from space 11264K, 0% used [0x000000078e280000,0x000000078e280000,0x000000078ed80000)
  to   space 28160K, 0% used [0x000000078fe00000,0x000000078fe00000,0x0000000791980000)
 ParOldGen       total 123392K, used 86902K [0x00000006c3200000, 0x00000006caa80000, 0x000000076bb80000)
  object space 123392K, 70% used [0x00000006c3200000,0x00000006c86dd878,0x00000006caa80000)
 Metaspace       used 60435K, capacity 65404K, committed 65536K, reserved 1105920K
  class space    used 8267K, capacity 9166K, committed 9216K, reserved 1048576K

Card table byte_map: [0x0000000013b50000,0x0000000014340000] byte_map_base: 0x0000000010537000

Marking Bits: (ParMarkBitMap*) 0x00000000739e4040
 Begin Bits: [0x0000000015090000, 0x0000000018fc8000)
 End Bits:   [0x0000000018fc8000, 0x000000001cf00000)

Polling page: 0x00000000032b0000

CodeCache: size=245760Kb used=21411Kb max_used=21411Kb free=224348Kb
 bounds [0x0000000004790000, 0x0000000005c80000, 0x0000000013790000]
 total_blobs=11530 nmethods=10995 adapters=452
 compilation: enabled

Compilation events (10 events):
Event: 746.354 Thread 0x0000000020103800 11171   !   1       com.fasterxml.jackson.databind.ObjectMapper::_convert (217 bytes)
Event: 746.356 Thread 0x0000000020103800 nmethod 11171 0x0000000005c78810 code [0x0000000005c78a60, 0x0000000005c791a8]
Event: 746.356 Thread 0x0000000020103800 11172       1       com.fasterxml.jackson.databind.util.TokenBuffer::<init> (74 bytes)
Event: 746.356 Thread 0x0000000020103800 nmethod 11172 0x0000000005c79a90 code [0x0000000005c79be0, 0x0000000005c79ed0]
Event: 746.356 Thread 0x0000000020103800 11173       1       com.fasterxml.jackson.databind.ObjectMapper::isEnabled (9 bytes)
Event: 746.356 Thread 0x0000000020103800 nmethod 11173 0x0000000005c7a010 code [0x0000000005c7a160, 0x0000000005c7a290]
Event: 746.356 Thread 0x0000000020103800 11174       1       com.fasterxml.jackson.databind.ser.DefaultSerializerProvider::serializeValue (101 bytes)
Event: 746.357 Thread 0x0000000020103800 nmethod 11174 0x0000000005c7a350 code [0x0000000005c7a540, 0x0000000005c7a9d8]
Event: 746.357 Thread 0x0000000020103800 11175       1       com.fasterxml.jackson.databind.util.TokenBuffer$Parser::close (13 bytes)
Event: 746.357 Thread 0x0000000020103800 nmethod 11175 0x0000000005c7af90 code [0x0000000005c7b0e0, 0x0000000005c7b1f0]

GC Heap History (10 events):
Event: 427.200 GC heap before
{Heap before GC invocations=25 (full 8):
 PSYoungGen      total 575488K, used 11183K [0x000000076bb80000, 0x0000000791e80000, 0x00000007c0000000)
  eden space 564224K, 0% used [0x000000076bb80000,0x000000076bb80000,0x000000078e280000)
  from space 11264K, 99% used [0x000000078e280000,0x000000078ed6bd28,0x000000078ed80000)
  to   space 30720K, 0% used [0x0000000790080000,0x0000000790080000,0x0000000791e80000)
 ParOldGen       total 123392K, used 65811K [0x00000006c3200000, 0x00000006caa80000, 0x000000076bb80000)
  object space 123392K, 53% used [0x00000006c3200000,0x00000006c7244fb0,0x00000006caa80000)
 Metaspace       used 58494K, capacity 63144K, committed 63232K, reserved 1103872K
  class space    used 8078K, capacity 8904K, committed 8960K, reserved 1048576K
Event: 427.615 GC heap after
Heap after GC invocations=25 (full 8):
 PSYoungGen      total 575488K, used 0K [0x000000076bb80000, 0x0000000791e80000, 0x00000007c0000000)
  eden space 564224K, 0% used [0x000000076bb80000,0x000000076bb80000,0x000000078e280000)
  from space 11264K, 0% used [0x000000078e280000,0x000000078e280000,0x000000078ed80000)
  to   space 30720K, 0% used [0x0000000790080000,0x0000000790080000,0x0000000791e80000)
 ParOldGen       total 123392K, used 75790K [0x00000006c3200000, 0x00000006caa80000, 0x000000076bb80000)
  object space 123392K, 61% used [0x00000006c3200000,0x00000006c7c03ad0,0x00000006caa80000)
 Metaspace       used 58490K, capacity 63138K, committed 63232K, reserved 1103872K
  class space    used 8078K, capacity 8903K, committed 8960K, reserved 1048576K
}
Event: 602.540 GC heap before
{Heap before GC invocations=26 (full 8):
 PSYoungGen      total 575488K, used 367276K [0x000000076bb80000, 0x0000000791e80000, 0x00000007c0000000)
  eden space 564224K, 65% used [0x000000076bb80000,0x000000078222b068,0x000000078e280000)
  from space 11264K, 0% used [0x000000078e280000,0x000000078e280000,0x000000078ed80000)
  to   space 30720K, 0% used [0x0000000790080000,0x0000000790080000,0x0000000791e80000)
 ParOldGen       total 123392K, used 75790K [0x00000006c3200000, 0x00000006caa80000, 0x000000076bb80000)
  object space 123392K, 61% used [0x00000006c3200000,0x00000006c7c03ad0,0x00000006caa80000)
 Metaspace       used 59104K, capacity 63792K, committed 64128K, reserved 1103872K
  class space    used 8139K, capacity 8985K, committed 9088K, reserved 1048576K
Event: 602.549 GC heap after
Heap after GC invocations=26 (full 8):
 PSYoungGen      total 591872K, used 10951K [0x000000076bb80000, 0x0000000791b80000, 0x00000007c0000000)
  eden space 564224K, 0% used [0x000000076bb80000,0x000000076bb80000,0x000000078e280000)
  from space 27648K, 39% used [0x0000000790080000,0x0000000790b31fe8,0x0000000791b80000)
  to   space 29184K, 0% used [0x000000078e280000,0x000000078e280000,0x000000078ff00000)
 ParOldGen       total 123392K, used 75798K [0x00000006c3200000, 0x00000006caa80000, 0x000000076bb80000)
  object space 123392K, 61% used [0x00000006c3200000,0x00000006c7c05ad0,0x00000006caa80000)
 Metaspace       used 59104K, capacity 63792K, committed 64128K, reserved 1103872K
  class space    used 8139K, capacity 8985K, committed 9088K, reserved 1048576K
}
Event: 602.549 GC heap before
{Heap before GC invocations=27 (full 9):
 PSYoungGen      total 591872K, used 10951K [0x000000076bb80000, 0x0000000791b80000, 0x00000007c0000000)
  eden space 564224K, 0% used [0x000000076bb80000,0x000000076bb80000,0x000000078e280000)
  from space 27648K, 39% used [0x0000000790080000,0x0000000790b31fe8,0x0000000791b80000)
  to   space 29184K, 0% used [0x000000078e280000,0x000000078e280000,0x000000078ff00000)
 ParOldGen       total 123392K, used 75798K [0x00000006c3200000, 0x00000006caa80000, 0x000000076bb80000)
  object space 123392K, 61% used [0x00000006c3200000,0x00000006c7c05ad0,0x00000006caa80000)
 Metaspace       used 59104K, capacity 63792K, committed 64128K, reserved 1103872K
  class space    used 8139K, capacity 8985K, committed 9088K, reserved 1048576K
Event: 602.973 GC heap after
Heap after GC invocations=27 (full 9):
 PSYoungGen      total 591872K, used 0K [0x000000076bb80000, 0x0000000791b80000, 0x00000007c0000000)
  eden space 564224K, 0% used [0x000000076bb80000,0x000000076bb80000,0x000000078e280000)
  from space 27648K, 0% used [0x0000000790080000,0x0000000790080000,0x0000000791b80000)
  to   space 29184K, 0% used [0x000000078e280000,0x000000078e280000,0x000000078ff00000)
 ParOldGen       total 123392K, used 81200K [0x00000006c3200000, 0x00000006caa80000, 0x000000076bb80000)
  object space 123392K, 65% used [0x00000006c3200000,0x00000006c814c230,0x00000006caa80000)
 Metaspace       used 59100K, capacity 63786K, committed 64128K, reserved 1103872K
  class space    used 8139K, capacity 8984K, committed 9088K, reserved 1048576K
}
Event: 673.524 GC heap before
{Heap before GC invocations=28 (full 9):
 PSYoungGen      total 591872K, used 334896K [0x000000076bb80000, 0x0000000791b80000, 0x00000007c0000000)
  eden space 564224K, 59% used [0x000000076bb80000,0x000000078028c240,0x000000078e280000)
  from space 27648K, 0% used [0x0000000790080000,0x0000000790080000,0x0000000791b80000)
  to   space 29184K, 0% used [0x000000078e280000,0x000000078e280000,0x000000078ff00000)
 ParOldGen       total 123392K, used 81200K [0x00000006c3200000, 0x00000006caa80000, 0x000000076bb80000)
  object space 123392K, 65% used [0x00000006c3200000,0x00000006c814c230,0x00000006caa80000)
 Metaspace       used 59879K, capacity 64724K, committed 65024K, reserved 1105920K
  class space    used 8211K, capacity 9092K, committed 9216K, reserved 1048576K
Event: 673.539 GC heap after
Heap after GC invocations=28 (full 9):
 PSYoungGen      total 575488K, used 11146K [0x000000076bb80000, 0x0000000791980000, 0x00000007c0000000)
  eden space 564224K, 0% used [0x000000076bb80000,0x000000076bb80000,0x000000078e280000)
  from space 11264K, 98% used [0x000000078e280000,0x000000078ed628e0,0x000000078ed80000)
  to   space 28160K, 0% used [0x000000078fe00000,0x000000078fe00000,0x0000000791980000)
 ParOldGen       total 123392K, used 81208K [0x00000006c3200000, 0x00000006caa80000, 0x000000076bb80000)
  object space 123392K, 65% used [0x00000006c3200000,0x00000006c814e230,0x00000006caa80000)
 Metaspace       used 59879K, capacity 64724K, committed 65024K, reserved 1105920K
  class space    used 8211K, capacity 9092K, committed 9216K, reserved 1048576K
}
Event: 673.539 GC heap before
{Heap before GC invocations=29 (full 10):
 PSYoungGen      total 575488K, used 11146K [0x000000076bb80000, 0x0000000791980000, 0x00000007c0000000)
  eden space 564224K, 0% used [0x000000076bb80000,0x000000076bb80000,0x000000078e280000)
  from space 11264K, 98% used [0x000000078e280000,0x000000078ed628e0,0x000000078ed80000)
  to   space 28160K, 0% used [0x000000078fe00000,0x000000078fe00000,0x0000000791980000)
 ParOldGen       total 123392K, used 81208K [0x00000006c3200000, 0x00000006caa80000, 0x000000076bb80000)
  object space 123392K, 65% used [0x00000006c3200000,0x00000006c814e230,0x00000006caa80000)
 Metaspace       used 59879K, capacity 64724K, committed 65024K, reserved 1105920K
  class space    used 8211K, capacity 9092K, committed 9216K, reserved 1048576K
Event: 674.096 GC heap after
Heap after GC invocations=29 (full 10):
 PSYoungGen      total 575488K, used 0K [0x000000076bb80000, 0x0000000791980000, 0x00000007c0000000)
  eden space 564224K, 0% used [0x000000076bb80000,0x000000076bb80000,0x000000078e280000)
  from space 11264K, 0% used [0x000000078e280000,0x000000078e280000,0x000000078ed80000)
  to   space 28160K, 0% used [0x000000078fe00000,0x000000078fe00000,0x0000000791980000)
 ParOldGen       total 123392K, used 86902K [0x00000006c3200000, 0x00000006caa80000, 0x000000076bb80000)
  object space 123392K, 70% used [0x00000006c3200000,0x00000006c86dd878,0x00000006caa80000)
 Metaspace       used 59875K, capacity 64718K, committed 65024K, reserved 1105920K
  class space    used 8210K, capacity 9091K, committed 9216K, reserved 1048576K
}

Deoptimization events (0 events):
No events

Internal exceptions (10 events):
Event: 680.926 Thread 0x00000000235eb800 Exception <a 'java/lang/ArrayIndexOutOfBoundsException'> (0x000000077d849e08) thrown at [C:\re\workspace\8-2-build-windows-amd64-cygwin\jdk8u45\3627\hotspot\src\share\vm\runtime\sharedRuntime.cpp, line 605]
Event: 680.927 Thread 0x00000000235eb800 Exception <a 'java/lang/ArrayIndexOutOfBoundsException'> (0x000000077d855960) thrown at [C:\re\workspace\8-2-build-windows-amd64-cygwin\jdk8u45\3627\hotspot\src\share\vm\runtime\sharedRuntime.cpp, line 605]
Event: 680.928 Thread 0x00000000235eb800 Exception <a 'java/lang/ArrayIndexOutOfBoundsException'> (0x000000077d85a020) thrown at [C:\re\workspace\8-2-build-windows-amd64-cygwin\jdk8u45\3627\hotspot\src\share\vm\runtime\sharedRuntime.cpp, line 605]
Event: 680.928 Thread 0x00000000235eb800 Exception <a 'java/lang/ArrayIndexOutOfBoundsException'> (0x000000077d85b0d8) thrown at [C:\re\workspace\8-2-build-windows-amd64-cygwin\jdk8u45\3627\hotspot\src\share\vm\runtime\sharedRuntime.cpp, line 605]
Event: 680.928 Thread 0x00000000235eb800 Exception <a 'java/lang/ArrayIndexOutOfBoundsException'> (0x000000077d85f858) thrown at [C:\re\workspace\8-2-build-windows-amd64-cygwin\jdk8u45\3627\hotspot\src\share\vm\runtime\sharedRuntime.cpp, line 605]
Event: 680.944 Thread 0x00000000235eb800 Exception <a 'java/lang/ArrayIndexOutOfBoundsException'> (0x000000077d8b9e70) thrown at [C:\re\workspace\8-2-build-windows-amd64-cygwin\jdk8u45\3627\hotspot\src\share\vm\runtime\sharedRuntime.cpp, line 605]
Event: 680.944 Thread 0x00000000235eb800 Exception <a 'java/lang/ArrayIndexOutOfBoundsException'> (0x000000077d8bb5b0) thrown at [C:\re\workspace\8-2-build-windows-amd64-cygwin\jdk8u45\3627\hotspot\src\share\vm\runtime\sharedRuntime.cpp, line 605]
Event: 680.944 Thread 0x00000000235eb800 Exception <a 'java/lang/ArrayIndexOutOfBoundsException'> (0x000000077d8bc7f8) thrown at [C:\re\workspace\8-2-build-windows-amd64-cygwin\jdk8u45\3627\hotspot\src\share\vm\runtime\sharedRuntime.cpp, line 605]
Event: 680.945 Thread 0x00000000235eb800 Exception <a 'java/lang/ArrayIndexOutOfBoundsException'> (0x000000077d8c0bb8) thrown at [C:\re\workspace\8-2-build-windows-amd64-cygwin\jdk8u45\3627\hotspot\src\share\vm\runtime\sharedRuntime.cpp, line 605]
Event: 680.945 Thread 0x00000000235eb800 Exception <a 'java/lang/ArrayIndexOutOfBoundsException'> (0x000000077d8c2a18) thrown at [C:\re\workspace\8-2-build-windows-amd64-cygwin\jdk8u45\3627\hotspot\src\share\vm\runtime\sharedRuntime.cpp, line 605]

Events (10 events):
Event: 747.086 Thread 0x00000000235eb800 DEOPT PACKING pc=0x0000000005c739fc sp=0x00000000265bd0c0
Event: 747.086 Thread 0x00000000235eb800 DEOPT UNPACKING pc=0x00000000047d787f sp=0x00000000265bce28 mode 1
Event: 747.086 Thread 0x00000000235eb800 DEOPT PACKING pc=0x0000000005bbebc4 sp=0x00000000265bd150
Event: 747.086 Thread 0x00000000235eb800 DEOPT UNPACKING pc=0x00000000047d787f sp=0x00000000265bce78 mode 1
Event: 747.086 Thread 0x00000000235eb800 DEOPT PACKING pc=0x0000000005bbe784 sp=0x00000000265bd1a0
Event: 747.086 Thread 0x00000000235eb800 DEOPT UNPACKING pc=0x00000000047d787f sp=0x00000000265bcf30 mode 1
Event: 747.086 Thread 0x00000000235eb800 DEOPT PACKING pc=0x0000000005815bc4 sp=0x00000000265bd260
Event: 747.086 Thread 0x00000000235eb800 DEOPT UNPACKING pc=0x00000000047d787f sp=0x00000000265bd038 mode 1
Event: 748.362 Executing VM operation: RedefineClasses
Event: 748.693 Executing VM operation: RedefineClasses done


Dynamic libraries:
0x00007ff7d9a10000 - 0x00007ff7d9a47000 	C:\Program Files\Java\jdk1.8.0_45\bin\javaw.exe
0x00007fff5c6d0000 - 0x00007fff5c8b1000 	C:\Windows\SYSTEM32\ntdll.dll
0x00007fff5a160000 - 0x00007fff5a211000 	C:\Windows\System32\KERNEL32.DLL
0x00007fff59600000 - 0x00007fff59873000 	C:\Windows\System32\KERNELBASE.dll
0x00007fff59f10000 - 0x00007fff59fb1000 	C:\Windows\System32\ADVAPI32.dll
0x00007fff5bcb0000 - 0x00007fff5bd4e000 	C:\Windows\System32\msvcrt.dll
0x00007fff5bd70000 - 0x00007fff5bdcb000 	C:\Windows\System32\sechost.dll
0x00007fff59b60000 - 0x00007fff59c84000 	C:\Windows\System32\RPCRT4.dll
0x00007fff5c3b0000 - 0x00007fff5c540000 	C:\Windows\System32\USER32.dll
0x00007fff59880000 - 0x00007fff598a0000 	C:\Windows\System32\win32u.dll
0x00007fff5a2d0000 - 0x00007fff5a2f8000 	C:\Windows\System32\GDI32.dll
0x00007fff59210000 - 0x00007fff593a2000 	C:\Windows\System32\gdi32full.dll
0x00007fff59560000 - 0x00007fff595ff000 	C:\Windows\System32\msvcp_win.dll
0x00007fff59460000 - 0x00007fff59558000 	C:\Windows\System32\ucrtbase.dll
0x00007fff4b990000 - 0x00007fff4bbf9000 	C:\Windows\WinSxS\amd64_microsoft.windows.common-controls_6595b64144ccf1df_6.0.17134.765_none_fb42a1a930655896\COMCTL32.dll
0x00007fff5b8a0000 - 0x00007fff5bbc2000 	C:\Windows\System32\combase.dll
0x00007fff59ae0000 - 0x00007fff59b5a000 	C:\Windows\System32\bcryptPrimitives.dll
0x00007fff5c540000 - 0x00007fff5c56d000 	C:\Windows\System32\IMM32.DLL
0x00007fff57480000 - 0x00007fff574da000 	C:\PROGRA~2\BMCSOF~1\BBCA\Tuner\lib\MRBHOO~1.DLL
0x0000000003340000 - 0x00000000039d5000 	C:\Program Files\McAfee\DLP\Agent\fcagpph64.dll
0x00007fff5a460000 - 0x00007fff5b8a0000 	C:\Windows\System32\SHELL32.dll
0x00007fff598a0000 - 0x00007fff598e9000 	C:\Windows\System32\cfgmgr32.dll
0x00007fff5a220000 - 0x00007fff5a2c9000 	C:\Windows\System32\shcore.dll
0x00007fff58b00000 - 0x00007fff5920d000 	C:\Windows\System32\windows.storage.dll
0x00007fff5bbd0000 - 0x00007fff5bc21000 	C:\Windows\System32\shlwapi.dll
0x00007fff58a60000 - 0x00007fff58a71000 	C:\Windows\System32\kernel.appcore.dll
0x00007fff51fd0000 - 0x00007fff52055000 	C:\Windows\SYSTEM32\WINSPOOL.DRV
0x00007fff58a40000 - 0x00007fff58a5f000 	C:\Windows\System32\profapi.dll
0x00007fff589e0000 - 0x00007fff58a2c000 	C:\Windows\System32\powrprof.dll
0x00007fff58a30000 - 0x00007fff58a3a000 	C:\Windows\System32\FLTLIB.DLL
0x00007fff5a300000 - 0x00007fff5a451000 	C:\Windows\System32\ole32.dll
0x00007fff57fa0000 - 0x00007fff57fd8000 	C:\Windows\SYSTEM32\IPHLPAPI.DLL
0x00007fff59f00000 - 0x00007fff59f08000 	C:\Windows\System32\PSAPI.DLL
0x00007fff5c5d0000 - 0x00007fff5c692000 	C:\Windows\System32\OLEAUT32.dll
0x00007fff58750000 - 0x00007fff58775000 	C:\Windows\SYSTEM32\bcrypt.dll
0x00007fff53d80000 - 0x00007fff53f34000 	C:\Windows\SYSTEM32\PROPSYS.dll
0x00007fff4fb50000 - 0x00007fff4fb5a000 	C:\Windows\SYSTEM32\VERSION.dll
0x00007fff57780000 - 0x00007fff577b1000 	C:\Windows\SYSTEM32\ntmarta.dll
0x00007fff573d0000 - 0x00007fff5747c000 	C:\Windows\system32\tmumh\20019\AddOn\7.0.0.1160\TmUmEvt64.dll
0x0000000077e50000 - 0x0000000077f6d000 	C:\Windows\system32\tmumh\20019\TmMon\2.5.0.2081\tmmon64.dll
0x0000000076ca0000 - 0x0000000076d72000 	C:\Program Files\Java\jdk1.8.0_45\jre\bin\msvcr100.dll
0x00000000731e0000 - 0x0000000073a63000 	C:\Program Files\Java\jdk1.8.0_45\jre\bin\server\jvm.dll
0x00007fff492f0000 - 0x00007fff492f9000 	C:\Windows\SYSTEM32\WSOCK32.dll
0x00007fff59c90000 - 0x00007fff59cfc000 	C:\Windows\System32\WS2_32.dll
0x00007fff56990000 - 0x00007fff569b3000 	C:\Windows\SYSTEM32\WINMM.dll
0x00007fff56960000 - 0x00007fff5698a000 	C:\Windows\SYSTEM32\WINMMBASE.dll
0x0000000076f60000 - 0x0000000076f6f000 	C:\Program Files\Java\jdk1.8.0_45\jre\bin\verify.dll
0x0000000076f10000 - 0x0000000076f39000 	C:\Program Files\Java\jdk1.8.0_45\jre\bin\java.dll
0x0000000076c60000 - 0x0000000076c95000 	C:\Program Files\Java\jdk1.8.0_45\jre\bin\jdwp.dll
0x0000000076da0000 - 0x0000000076da8000 	C:\Program Files\Java\jdk1.8.0_45\jre\bin\npt.dll
0x0000000076ef0000 - 0x0000000076f06000 	C:\Program Files\Java\jdk1.8.0_45\jre\bin\zip.dll
0x0000000076c50000 - 0x0000000076c59000 	C:\Program Files\Java\jdk1.8.0_45\jre\bin\dt_socket.dll
0x00007fff4f850000 - 0x00007fff4f866000 	C:\Windows\system32\napinsp.dll
0x00007fff4f880000 - 0x00007fff4f89a000 	C:\Windows\system32\pnrpnsp.dll
0x00007fff551e0000 - 0x00007fff551f9000 	C:\Windows\system32\NLAapi.dll
0x00007fff58210000 - 0x00007fff58276000 	C:\Windows\System32\mswsock.dll
0x00007fff57fe0000 - 0x00007fff5809e000 	C:\Windows\SYSTEM32\DNSAPI.dll
0x00000000043f0000 - 0x00000000043f8000 	C:\Windows\System32\NSI.dll
0x00007fff4f8a0000 - 0x00007fff4f8ae000 	C:\Windows\System32\winrnr.dll
0x0000000004400000 - 0x0000000004472000 	C:\Windows\System32\fwpuclnt.dll
0x00007fff51640000 - 0x00007fff5164a000 	C:\Windows\System32\rasadhlp.dll
0x0000000076dc0000 - 0x0000000076dcd000 	C:\Program Files\Java\jdk1.8.0_45\jre\bin\management.dll
0x0000000076ed0000 - 0x0000000076eea000 	C:\Program Files\Java\jdk1.8.0_45\jre\bin\net.dll
0x0000000076eb0000 - 0x0000000076ec1000 	C:\Program Files\Java\jdk1.8.0_45\jre\bin\nio.dll
0x00007fff58710000 - 0x00007fff58727000 	C:\Windows\SYSTEM32\CRYPTSP.dll
0x00007fff57bd0000 - 0x00007fff57c03000 	C:\Windows\system32\rsaenh.dll
0x00007fff588e0000 - 0x00007fff58908000 	C:\Windows\SYSTEM32\USERENV.dll
0x00007fff58370000 - 0x00007fff5837b000 	C:\Windows\SYSTEM32\CRYPTBASE.dll
0x00007fff52a90000 - 0x00007fff52aa6000 	C:\Windows\SYSTEM32\dhcpcsvc6.DLL
0x00007fff52a70000 - 0x00007fff52a8a000 	C:\Windows\SYSTEM32\dhcpcsvc.DLL
0x0000000076e80000 - 0x0000000076ea4000 	C:\Program Files\Java\jdk1.8.0_45\jre\bin\sunec.dll
0x00007fff4dc00000 - 0x00007fff4ddc9000 	C:\Windows\SYSTEM32\dbghelp.dll

VM Arguments:
jvm_args: -agentlib:jdwp=transport=dt_socket,suspend=y,address=localhost:54450 -Dcom.sun.management.jmxremote -Dcom.sun.management.jmxremote.port=54448 -Dcom.sun.management.jmxremote.authenticate=false -Dcom.sun.management.jmxremote.ssl=false -Djava.rmi.server.hostname=localhost -Dspring.jmx.enabled=true -Dspring.application.admin.enabled=true -Xverify:none -XX:TieredStopAtLevel=1 -Dfile.encoding=UTF-8 
java_command: com.psl.cc.analytics.CcMiddlewareApplication --spring.output.ansi.enabled=always
java_class_path (initial): D:\Jasper CC\Use case\CC-Analytics\CC_Middleware\target\classes;C:\Users\ashishkumar_bhavsar\.m2\repository\org\springframework\boot\spring-boot-starter-actuator\2.1.5.RELEASE\spring-boot-starter-actuator-2.1.5.RELEASE.jar;C:\Users\ashishkumar_bhavsar\.m2\repository\org\springframework\boot\spring-boot-starter\2.1.5.RELEASE\spring-boot-starter-2.1.5.RELEASE.jar;C:\Users\ashishkumar_bhavsar\.m2\repository\org\springframework\boot\spring-boot-starter-logging\2.1.5.RELEASE\spring-boot-starter-logging-2.1.5.RELEASE.jar;C:\Users\ashishkumar_bhavsar\.m2\repository\ch\qos\logback\logback-classic\1.2.3\logback-classic-1.2.3.jar;C:\Users\ashishkumar_bhavsar\.m2\repository\ch\qos\logback\logback-core\1.2.3\logback-core-1.2.3.jar;C:\Users\ashishkumar_bhavsar\.m2\repository\org\apache\logging\log4j\log4j-to-slf4j\2.11.2\log4j-to-slf4j-2.11.2.jar;C:\Users\ashishkumar_bhavsar\.m2\repository\org\apache\logging\log4j\log4j-api\2.11.2\log4j-api-2.11.2.jar;C:\Users\ashishkumar_bhavsar\.m2\repository\org\slf4j\jul-to-slf4j\1.7.26\jul-to-slf4j-1.7.26.jar;C:\Users\ashishkumar_bhavsar\.m2\repository\org\yaml\snakeyaml\1.23\snakeyaml-1.23.jar;C:\Users\ashishkumar_bhavsar\.m2\repository\org\springframework\boot\spring-boot-actuator-autoconfigure\2.1.5.RELEASE\spring-boot-actuator-autoconfigure-2.1.5.RELEASE.jar;C:\Users\ashishkumar_bhavsar\.m2\repository\org\springframework\boot\spring-boot-actuator\2.1.5.RELEASE\spring-boot-actuator-2.1.5.RELEASE.jar;C:\Users\ashishkumar_bhavsar\.m2\repository\com\fasterxml\jackson\datatype\jackson-datatype-jsr310\2.9.8\jackson-datatype-jsr310-2.9.8.jar;C:\Users\ashishkumar_bhavsar\.m2\repository\io\micrometer\micrometer-core\1.1.4\micrometer-core-1.1.4.jar;C:\Users\ashishkumar_bhavsar\.m2\repository\org\hdrhistogram\HdrHistogram\2.1.9\HdrHistogram-2.1.9.jar;C:\Users\ashishkumar_bhavsar\.m2\repository\org\latencyutils\LatencyUtils\2.0.3\LatencyUtils-2.0.3.jar;C:\Users\ashishkumar_bhavsar\.m2\repository\org\springframework\boot
Launcher Type: SUN_STANDARD

Environment Variables:
JAVA_HOME=C:\Program Files\Java\jdk1.8.0_45
PATH=C:\Program Files\Java\jdk1.8.0_45\jre\bin;C:/Program Files/Java/jdk1.8.0_45/bin/../jre/bin/server;C:/Program Files/Java/jdk1.8.0_45/bin/../jre/bin;C:/Program Files/Java/jdk1.8.0_45/bin/../jre/lib/amd64;C:\Program Files\Docker\Docker\Resources\bin;C:\Windows\system32;C:\Windows;C:\Windows\System32\Wbem;C:\Windows\System32\WindowsPowerShell\v1.0\;C:\Windows\System32\OpenSSH\;C:\Program Files (x86)\MySQL\MySQL Fabric 1.5.4 & MySQL Utilities 1.5.4 1.5\;C:\Program Files (x86)\MySQL\MySQL Fabric 1.5.4 & MySQL Utilities 1.5.4 1.5\Doctrine extensions for PHP\;C:\Program Files (x86)\Microsoft VS Code\bin;C:\Program Files\dotnet\;C:\Go\bin;C:\Program Files\nodejs\;C:\Users\ashishkumar_bhavsar\AppData\Local\Continuum\anaconda3;C:\Users\ashishkumar_bhavsar\AppData\Local\Continuum\anaconda3\Library\mingw-w64\bin;C:\Users\ashishkumar_bhavsar\AppData\Local\Continuum\anaconda3\Library\usr\bin;C:\Users\ashishkumar_bhavsar\AppData\Local\Continuum\anaconda3\Library\bin;C:\Users\ashishkumar_bhavsar\AppData\Local\Continuum\anaconda3\Scripts;C:\Program Files\Java\jdk1.8.0_45\bin;C:\apache-maven-3.6.0\bin;C:\Users\ashishkumar_bhavsar\AppData\Local\Programs\Python\Python37-32;C:\make\GetGnuWin32\gnuwin32\bin;C:\Program Files\PostgreSQL\10\bin;C:\Users\ashishkumar_bhavsar\AppData\Local\Microsoft\WindowsApps;C:\Users\ashishkumar_bhavsar\AppData\Local\Programs\Git\cmd;C:\Users\ashishkumar_bhavsar\AppData\Local\Programs\Python\Python37-32\Scripts;C:\Users\ashishkumar_bhavsar\AppData\Local\Programs\Microsoft VS Code\bin;C:\Users\ashishkumar_bhavsar\AppData\Local\GitHubDesktop\bin;C:\Users\ashishkumar_bhavsar\AppData\Roaming\npm;C:\Program Files\MongoDB\Server\4.0\bin;;C:\STS\sts-4.2.2.RELEASE;
USERNAME=ashishkumar_bhavsar
OS=Windows_NT
PROCESSOR_IDENTIFIER=Intel64 Family 6 Model 60 Stepping 3, GenuineIntel



---------------  S Y S T E M  ---------------

OS: Windows 10.0 , 64 bit Build 17134 (10.0.17134.753)

CPU:total 8 (4 cores per cpu, 2 threads per core) family 6 model 60 stepping 3, cmov, cx8, fxsr, mmx, sse, sse2, sse3, ssse3, sse4.1, sse4.2, popcnt, avx, avx2, clmul, erms, lzcnt, ht, tsc, tscinvbit, bmi1, bmi2

Memory: 4k page, physical 16570196k(8207264k free), swap 19060564k(6820128k free)

vm_info: Java HotSpot(TM) 64-Bit Server VM (25.45-b02) for windows-amd64 JRE (1.8.0_45-b15), built on Apr 30 2015 12:40:44 by "java_re" with MS VC++ 10.0 (VS2010)

time: Mon Jun 17 15:56:54 2019
elapsed time: 748 seconds (0d 0h 12m 28s)

