#
# A fatal error has been detected by the Java Runtime Environment:
#
#  EXCEPTION_ACCESS_VIOLATION (0xc0000005) at pc=0x00000000679e82b5, pid=17604, tid=6092
#
# JRE version: Java(TM) SE Runtime Environment (8.0_45-b15) (build 1.8.0_45-b15)
# Java VM: Java HotSpot(TM) 64-Bit Server VM (25.45-b02 mixed mode windows-amd64 compressed oops)
# Problematic frame:
# V  [jvm.dll+0x1282b5]
#
# Failed to write core dump. Minidumps are not enabled by default on client versions of Windows
#
# If you would like to submit a bug report, please visit:
#   http://bugreport.java.com/bugreport/crash.jsp
#

---------------  T H R E A D  ---------------

Current thread (0x000000001ea88000):  JavaThread "JDWP Transport Listener: dt_socket" daemon [_thread_in_vm, id=6092, stack(0x000000001f390000,0x000000001f490000)]

siginfo: ExceptionCode=0xc0000005, reading address 0xffffffffffffffff

Registers:
RAX=0x000000001f48f201, RBX=0x000000001ea88000, RCX=0x3b6e6f6974696e69, RDX=0x0000000000000000
RSP=0x000000001f48f220, RBP=0x3b6e6f6974696e69, RSI=0x000000001f48f338, RDI=0x0000000002fd0080
R8 =0x000000001ea88000, R9 =0x0000000000008000, R10=0x0000000000000000, R11=0x0000000021dcb27f
R12=0x0000000000000000, R13=0x000000001ea88f38, R14=0x0000000000000000, R15=0x0000000000000000
RIP=0x00000000679e82b5, EFLAGS=0x0000000000010206

Top of Stack: (sp=0x000000001f48f220)
0x000000001f48f220:   000000001ea88000 000000001ea88000
0x000000001f48f230:   000000001f48f2e8 0000000067bec7db
0x000000001f48f240:   000000001ea88000 0000000067c0903d
0x000000001f48f250:   0000000000000000 000000006bc89155
0x000000001f48f260:   0000000021b1dea0 000000006bc9291e
0x000000001f48f270:   000000001ea88000 0000000000000000
0x000000001f48f280:   0000000000000000 0000000000000000
0x000000001f48f290:   3b6e6f6974696e69 000000006bc91a15
0x000000001f48f2a0:   000000001f48f338 000000001f48f310
0x000000001f48f2b0:   0000000000000001 0000000021b1dea0
0x000000001f48f2c0:   3b6e6f6974696e69 000000006bc753b3
0x000000001f48f2d0:   000000001f48f400 0000000000000001
0x000000001f48f2e0:   0000000000000001 0000000021b1dea0
0x000000001f48f2f0:   0000000000000001 0000000000000000
0x000000001f48f300:   0000000000000000 0000000000000000
0x000000001f48f310:   0000000000000001 000000006bc75571 

Instructions: (pc=0x00000000679e82b5)
0x00000000679e8295:   cc cc cc cc cc cc cc cc cc cc cc 48 83 ec 28 48
0x00000000679e82a5:   85 c9 75 07 33 c0 48 83 c4 28 c3 48 89 5c 24 20
0x00000000679e82b5:   48 8b 19 48 85 db 74 20 48 83 fb 37 74 1a 48 8b
0x00000000679e82c5:   13 48 8b cb ff 52 10 84 c0 74 0d 48 8b c3 48 8b 


Register to memory mapping:

RAX=0x000000001f48f201 is pointing into the stack for thread: 0x000000001ea88000
RBX=0x000000001ea88000 is a thread
RCX=0x3b6e6f6974696e69 is an unknown value
RDX=0x0000000000000000 is an unknown value
RSP=0x000000001f48f220 is pointing into the stack for thread: 0x000000001ea88000
RBP=0x3b6e6f6974696e69 is an unknown value
RSI=0x000000001f48f338 is pointing into the stack for thread: 0x000000001ea88000
RDI=0x0000000002fd0080 is an unknown value
R8 =0x000000001ea88000 is a thread
R9 =0x0000000000008000 is an unknown value
R10=0x0000000000000000 is an unknown value
R11=0x0000000021dcb27f is an unknown value
R12=0x0000000000000000 is an unknown value
R13=0x000000001ea88f38 is an unknown value
R14=0x0000000000000000 is an unknown value
R15=0x0000000000000000 is an unknown value


Stack: [0x000000001f390000,0x000000001f490000],  sp=0x000000001f48f220,  free space=1020k
Native frames: (J=compiled Java code, j=interpreted, Vv=VM code, C=native code)
V  [jvm.dll+0x1282b5]
V  [jvm.dll+0x34903d]
C  [jdwp.dll+0x21a15]
C  [jdwp.dll+0x53b3]
C  [jdwp.dll+0x5571]
C  [jdwp.dll+0xf0a8]
C  [jdwp.dll+0x1f2d5]
C  [jdwp.dll+0x1f4aa]
V  [jvm.dll+0x1bae98]
V  [jvm.dll+0x241984]
V  [jvm.dll+0x29853a]
C  [msvcr100.dll+0x21d9f]
C  [msvcr100.dll+0x21e3b]
C  [KERNEL32.DLL+0x14034]
C  [ntdll.dll+0x73691]


---------------  P R O C E S S  ---------------

Java Threads: ( => current thread )
  0x0000000024850000 JavaThread "RMI TCP Connection(idle)" daemon [_thread_blocked, id=22704, stack(0x000000003f790000,0x000000003f890000)]
  0x000000002484f000 JavaThread "RMI TCP Connection(idle)" daemon [_thread_blocked, id=16248, stack(0x000000003f590000,0x000000003f690000)]
  0x0000000024852000 JavaThread "http-nio-8080-Acceptor-0" daemon [_thread_in_native, id=22476, stack(0x000000003f390000,0x000000003f490000)]
  0x0000000024851800 JavaThread "http-nio-8080-ClientPoller-1" daemon [_thread_in_native, id=20872, stack(0x000000003f290000,0x000000003f390000)]
  0x00000000216fd000 JavaThread "http-nio-8080-ClientPoller-0" daemon [_thread_in_native, id=15044, stack(0x000000003f190000,0x000000003f290000)]
  0x00000000216fc000 JavaThread "http-nio-8080-exec-10" daemon [_thread_blocked, id=15120, stack(0x000000003f090000,0x000000003f190000)]
  0x00000000216fb800 JavaThread "http-nio-8080-exec-9" daemon [_thread_blocked, id=23864, stack(0x000000003ef90000,0x000000003f090000)]
  0x00000000216fa000 JavaThread "http-nio-8080-exec-8" daemon [_thread_blocked, id=13332, stack(0x000000003ee90000,0x000000003ef90000)]
  0x00000000216fa800 JavaThread "http-nio-8080-exec-7" daemon [_thread_blocked, id=16148, stack(0x000000003ed90000,0x000000003ee90000)]
  0x0000000021700000 JavaThread "http-nio-8080-exec-6" daemon [_thread_blocked, id=7040, stack(0x000000003ec90000,0x000000003ed90000)]
  0x00000000216fd800 JavaThread "http-nio-8080-exec-5" daemon [_thread_blocked, id=23180, stack(0x000000003eb90000,0x000000003ec90000)]
  0x000000002454d800 JavaThread "http-nio-8080-exec-4" daemon [_thread_blocked, id=10680, stack(0x000000003ea90000,0x000000003eb90000)]
  0x000000002454c800 JavaThread "http-nio-8080-exec-3" daemon [_thread_blocked, id=14968, stack(0x000000003e990000,0x000000003ea90000)]
  0x000000002454a800 JavaThread "http-nio-8080-exec-2" daemon [_thread_blocked, id=23684, stack(0x000000003e890000,0x000000003e990000)]
  0x0000000024549800 JavaThread "http-nio-8080-exec-1" daemon [_thread_blocked, id=10644, stack(0x000000003e790000,0x000000003e890000)]
  0x000000002454c000 JavaThread "NioBlockingSelector.BlockPoller-13" daemon [_thread_in_native, id=13452, stack(0x000000003e690000,0x000000003e790000)]
  0x0000000024542000 JavaThread "File Watcher" daemon [_thread_blocked, id=21044, stack(0x000000003e590000,0x000000003e690000)]
  0x0000000024549000 JavaThread "CleanCursors-18-thread-1" daemon [_thread_blocked, id=21124, stack(0x000000003e490000,0x000000003e590000)]
  0x0000000024548000 JavaThread "cluster-ClusterId{value='5cff68fdfe748144c44668d4', description='null'}-localhost:27017" daemon [_thread_blocked, id=988, stack(0x000000003e390000,0x000000003e490000)]
  0x0000000024547800 JavaThread "container-5" [_thread_blocked, id=22020, stack(0x000000003e290000,0x000000003e390000)]
  0x000000002453e800 JavaThread "Catalina-utility-2" [_thread_blocked, id=23580, stack(0x000000003e190000,0x000000003e290000)]
  0x0000000024544800 JavaThread "Catalina-utility-1" [_thread_blocked, id=20876, stack(0x000000003e090000,0x000000003e190000)]
  0x0000000024540000 JavaThread "File Watcher" daemon [_thread_blocked, id=20408, stack(0x0000000036590000,0x0000000036690000)]
  0x0000000024543800 JavaThread "File Watcher" daemon [_thread_blocked, id=24124, stack(0x0000000035d90000,0x0000000035e90000)]
  0x0000000024543000 JavaThread "File Watcher" daemon [_thread_blocked, id=13508, stack(0x0000000035590000,0x0000000035690000)]
  0x000000002453f000 JavaThread "File Watcher" daemon [_thread_blocked, id=24564, stack(0x0000000034d90000,0x0000000034e90000)]
  0x0000000024545000 JavaThread "File Watcher" daemon [_thread_blocked, id=22844, stack(0x0000000034590000,0x0000000034690000)]
  0x0000000024546800 JavaThread "DestroyJavaVM" [_thread_blocked, id=15172, stack(0x0000000002ed0000,0x0000000002fd0000)]
  0x00000000216fe800 JavaThread "Live Reload Server" daemon [_thread_in_native, id=12068, stack(0x0000000025490000,0x0000000025590000)]
  0x000000001ffcd800 JavaThread "JMX server connection timeout 23" daemon [_thread_blocked, id=20176, stack(0x00000000213f0000,0x00000000214f0000)]
  0x000000001ffc7000 JavaThread "JMX server connection timeout 22" daemon [_thread_blocked, id=15916, stack(0x00000000212f0000,0x00000000213f0000)]
  0x000000001ffad800 JavaThread "RMI Scheduler(0)" daemon [_thread_blocked, id=11484, stack(0x0000000020ef0000,0x0000000020ff0000)]
  0x000000001fdc4000 JavaThread "RMI TCP Accept-0" daemon [_thread_in_native, id=18240, stack(0x00000000207d0000,0x00000000208d0000)]
  0x000000001ee4d000 JavaThread "RMI TCP Accept-65463" daemon [_thread_in_native, id=15080, stack(0x00000000206d0000,0x00000000207d0000)]
  0x000000001fdaf800 JavaThread "RMI TCP Accept-0" daemon [_thread_in_native, id=24160, stack(0x00000000203d0000,0x00000000204d0000)]
  0x000000001eb1c000 JavaThread "Service Thread" daemon [_thread_blocked, id=23272, stack(0x000000001fa90000,0x000000001fb90000)]
  0x000000001eab4800 JavaThread "C1 CompilerThread3" daemon [_thread_blocked, id=23756, stack(0x000000001f990000,0x000000001fa90000)]
  0x000000001eab3800 JavaThread "C2 CompilerThread2" daemon [_thread_blocked, id=23260, stack(0x000000001f890000,0x000000001f990000)]
  0x000000001eab2000 JavaThread "C2 CompilerThread1" daemon [_thread_blocked, id=20580, stack(0x000000001f790000,0x000000001f890000)]
  0x000000001eaab800 JavaThread "C2 CompilerThread0" daemon [_thread_blocked, id=19196, stack(0x000000001f690000,0x000000001f790000)]
  0x000000001ea99000 JavaThread "JDWP Command Reader" daemon [_thread_in_native, id=22812, stack(0x000000001f590000,0x000000001f690000)]
  0x000000001ea96000 JavaThread "JDWP Event Helper Thread" daemon [_thread_blocked, id=22332, stack(0x000000001f490000,0x000000001f590000)]
=>0x000000001ea88000 JavaThread "JDWP Transport Listener: dt_socket" daemon [_thread_in_vm, id=6092, stack(0x000000001f390000,0x000000001f490000)]
  0x000000001ea7e800 JavaThread "Attach Listener" daemon [_thread_blocked, id=22668, stack(0x000000001ef50000,0x000000001f050000)]
  0x000000001ea7e000 JavaThread "Signal Dispatcher" daemon [_thread_blocked, id=12472, stack(0x000000001ee50000,0x000000001ef50000)]
  0x00000000030c9800 JavaThread "Finalizer" daemon [_thread_blocked, id=5804, stack(0x000000001e950000,0x000000001ea50000)]
  0x00000000030c8800 JavaThread "Reference Handler" daemon [_thread_blocked, id=18512, stack(0x000000001e850000,0x000000001e950000)]

Other Threads:
  0x000000001ca6a000 VMThread [stack: 0x000000001e750000,0x000000001e850000] [id=13208]
  0x000000001fdc5000 WatcherThread [stack: 0x00000000208d0000,0x00000000209d0000] [id=22892]

VM state:not at safepoint (normal execution)

VM Mutex/Monitor currently owned by a thread: None

Heap:
 PSYoungGen      total 276480K, used 242523K [0x000000076bb80000, 0x0000000781900000, 0x00000007c0000000)
  eden space 271872K, 89% used [0x000000076bb80000,0x000000077a856cc0,0x000000077c500000)
  from space 4608K, 0% used [0x0000000781480000,0x0000000781480000,0x0000000781900000)
  to   space 13824K, 0% used [0x000000077fe00000,0x000000077fe00000,0x0000000780b80000)
 ParOldGen       total 132096K, used 27596K [0x00000006c3200000, 0x00000006cb300000, 0x000000076bb80000)
  object space 132096K, 20% used [0x00000006c3200000,0x00000006c4cf3048,0x00000006cb300000)
 Metaspace       used 54533K, capacity 59538K, committed 59776K, reserved 1099776K
  class space    used 7350K, capacity 8466K, committed 8576K, reserved 1048576K

Card table byte_map: [0x0000000012490000,0x0000000012c80000] byte_map_base: 0x000000000ee77000

Marking Bits: (ParMarkBitMap*) 0x00000000680c4040
 Begin Bits: [0x00000000139d0000, 0x0000000017908000)
 End Bits:   [0x0000000017908000, 0x000000001b840000)

Polling page: 0x0000000000b10000

CodeCache: size=245760Kb used=18291Kb max_used=18291Kb free=227468Kb
 bounds [0x00000000030d0000, 0x00000000042c0000, 0x00000000120d0000]
 total_blobs=9588 nmethods=9126 adapters=381
 compilation: enabled

Compilation events (10 events):
Event: 2068.501 Thread 0x000000001eab4800 9269       1       java.util.concurrent.CountDownLatch::<init> (31 bytes)
Event: 2068.501 Thread 0x000000001eab4800 nmethod 9269 0x00000000042af250 code [0x00000000042af3c0, 0x00000000042af628]
Event: 2068.503 Thread 0x000000001eab4800 9270       1       java.util.concurrent.CountDownLatch$Sync::<init> (10 bytes)
Event: 2068.503 Thread 0x000000001eab4800 nmethod 9270 0x00000000042af750 code [0x00000000042af8a0, 0x00000000042af9b0]
Event: 2078.503 Thread 0x000000001eab4800 9271       1       com.mongodb.connection.ServerDescription::builder (8 bytes)
Event: 2078.503 Thread 0x000000001eab4800 nmethod 9271 0x00000000042afa50 code [0x00000000042afba0, 0x00000000042afd08]
Event: 2078.509 Thread 0x000000001eab4800 9272       1       com.mongodb.connection.ServerDescription$Builder::<init> (78 bytes)
Event: 2078.512 Thread 0x000000001eab4800 nmethod 9272 0x00000000042afd90 code [0x00000000042aff00, 0x00000000042b0208]
Event: 2078.512 Thread 0x000000001eab4800 9273       1       com.mongodb.connection.ServerDescription$Builder::build (9 bytes)
Event: 2078.513 Thread 0x000000001eab4800 nmethod 9273 0x00000000042b0310 code [0x00000000042b0480, 0x00000000042b0628]

GC Heap History (10 events):
Event: 1691.476 GC heap before
{Heap before GC invocations=34 (full 12):
 PSYoungGen      total 287232K, used 172521K [0x000000076bb80000, 0x0000000783000000, 0x00000007c0000000)
  eden space 281600K, 61% used [0x000000076bb80000,0x00000007763fa500,0x000000077ce80000)
  from space 5632K, 0% used [0x0000000781600000,0x0000000781600000,0x0000000781b80000)
  to   space 14848K, 0% used [0x0000000782180000,0x0000000782180000,0x0000000783000000)
 ParOldGen       total 132096K, used 27973K [0x00000006c3200000, 0x00000006cb300000, 0x000000076bb80000)
  object space 132096K, 21% used [0x00000006c3200000,0x00000006c4d517b0,0x00000006cb300000)
 Metaspace       used 53409K, capacity 58452K, committed 58496K, reserved 1099776K
  class space    used 7243K, capacity 8284K, committed 8320K, reserved 1048576K
Event: 1691.484 GC heap after
Heap after GC invocations=34 (full 12):
 PSYoungGen      total 287744K, used 5763K [0x000000076bb80000, 0x0000000782780000, 0x00000007c0000000)
  eden space 281600K, 0% used [0x000000076bb80000,0x000000076bb80000,0x000000077ce80000)
  from space 6144K, 93% used [0x0000000782180000,0x0000000782720e50,0x0000000782780000)
  to   space 14336K, 0% used [0x0000000780b80000,0x0000000780b80000,0x0000000781980000)
 ParOldGen       total 132096K, used 27981K [0x00000006c3200000, 0x00000006cb300000, 0x000000076bb80000)
  object space 132096K, 21% used [0x00000006c3200000,0x00000006c4d537b0,0x00000006cb300000)
 Metaspace       used 53409K, capacity 58452K, committed 58496K, reserved 1099776K
  class space    used 7243K, capacity 8284K, committed 8320K, reserved 1048576K
}
Event: 1691.484 GC heap before
{Heap before GC invocations=35 (full 13):
 PSYoungGen      total 287744K, used 5763K [0x000000076bb80000, 0x0000000782780000, 0x00000007c0000000)
  eden space 281600K, 0% used [0x000000076bb80000,0x000000076bb80000,0x000000077ce80000)
  from space 6144K, 93% used [0x0000000782180000,0x0000000782720e50,0x0000000782780000)
  to   space 14336K, 0% used [0x0000000780b80000,0x0000000780b80000,0x0000000781980000)
 ParOldGen       total 132096K, used 27981K [0x00000006c3200000, 0x00000006cb300000, 0x000000076bb80000)
  object space 132096K, 21% used [0x00000006c3200000,0x00000006c4d537b0,0x00000006cb300000)
 Metaspace       used 53409K, capacity 58452K, committed 58496K, reserved 1099776K
  class space    used 7243K, capacity 8284K, committed 8320K, reserved 1048576K
Event: 1691.721 GC heap after
Heap after GC invocations=35 (full 13):
 PSYoungGen      total 287744K, used 0K [0x000000076bb80000, 0x0000000782780000, 0x00000007c0000000)
  eden space 281600K, 0% used [0x000000076bb80000,0x000000076bb80000,0x000000077ce80000)
  from space 6144K, 0% used [0x0000000782180000,0x0000000782180000,0x0000000782780000)
  to   space 14336K, 0% used [0x0000000780b80000,0x0000000780b80000,0x0000000781980000)
 ParOldGen       total 132096K, used 28688K [0x00000006c3200000, 0x00000006cb300000, 0x000000076bb80000)
  object space 132096K, 21% used [0x00000006c3200000,0x00000006c4e04248,0x00000006cb300000)
 Metaspace       used 53402K, capacity 58440K, committed 58496K, reserved 1099776K
  class space    used 7242K, capacity 8281K, committed 8320K, reserved 1048576K
}
Event: 1894.165 GC heap before
{Heap before GC invocations=36 (full 13):
 PSYoungGen      total 287744K, used 281600K [0x000000076bb80000, 0x0000000782780000, 0x00000007c0000000)
  eden space 281600K, 100% used [0x000000076bb80000,0x000000077ce80000,0x000000077ce80000)
  from space 6144K, 0% used [0x0000000782180000,0x0000000782180000,0x0000000782780000)
  to   space 14336K, 0% used [0x0000000780b80000,0x0000000780b80000,0x0000000781980000)
 ParOldGen       total 132096K, used 28688K [0x00000006c3200000, 0x00000006cb300000, 0x000000076bb80000)
  object space 132096K, 21% used [0x00000006c3200000,0x00000006c4e04248,0x00000006cb300000)
 Metaspace       used 53824K, capacity 58948K, committed 59136K, reserved 1099776K
  class space    used 7286K, capacity 8359K, committed 8448K, reserved 1048576K
Event: 1894.172 GC heap after
Heap after GC invocations=36 (full 13):
 PSYoungGen      total 279040K, used 6772K [0x000000076bb80000, 0x0000000782200000, 0x00000007c0000000)
  eden space 271872K, 0% used [0x000000076bb80000,0x000000076bb80000,0x000000077c500000)
  from space 7168K, 94% used [0x0000000780b80000,0x000000078121d138,0x0000000781280000)
  to   space 13824K, 0% used [0x0000000781480000,0x0000000781480000,0x0000000782200000)
 ParOldGen       total 132096K, used 28696K [0x00000006c3200000, 0x00000006cb300000, 0x000000076bb80000)
  object space 132096K, 21% used [0x00000006c3200000,0x00000006c4e06248,0x00000006cb300000)
 Metaspace       used 53824K, capacity 58948K, committed 59136K, reserved 1099776K
  class space    used 7286K, capacity 8359K, committed 8448K, reserved 1048576K
}
Event: 2047.726 GC heap before
{Heap before GC invocations=37 (full 13):
 PSYoungGen      total 279040K, used 109908K [0x000000076bb80000, 0x0000000782200000, 0x00000007c0000000)
  eden space 271872K, 37% used [0x000000076bb80000,0x0000000772038270,0x000000077c500000)
  from space 7168K, 94% used [0x0000000780b80000,0x000000078121d138,0x0000000781280000)
  to   space 13824K, 0% used [0x0000000781480000,0x0000000781480000,0x0000000782200000)
 ParOldGen       total 132096K, used 28696K [0x00000006c3200000, 0x00000006cb300000, 0x000000076bb80000)
  object space 132096K, 21% used [0x00000006c3200000,0x00000006c4e06248,0x00000006cb300000)
 Metaspace       used 53990K, capacity 58992K, committed 59136K, reserved 1099776K
  class space    used 7298K, capacity 8394K, committed 8448K, reserved 1048576K
Event: 2047.730 GC heap after
Heap after GC invocations=37 (full 13):
 PSYoungGen      total 276480K, used 4146K [0x000000076bb80000, 0x0000000781900000, 0x00000007c0000000)
  eden space 271872K, 0% used [0x000000076bb80000,0x000000076bb80000,0x000000077c500000)
  from space 4608K, 89% used [0x0000000781480000,0x000000078188cbf0,0x0000000781900000)
  to   space 13824K, 0% used [0x000000077fe00000,0x000000077fe00000,0x0000000780b80000)
 ParOldGen       total 132096K, used 28696K [0x00000006c3200000, 0x00000006cb300000, 0x000000076bb80000)
  object space 132096K, 21% used [0x00000006c3200000,0x00000006c4e06248,0x00000006cb300000)
 Metaspace       used 53990K, capacity 58992K, committed 59136K, reserved 1099776K
  class space    used 7298K, capacity 8394K, committed 8448K, reserved 1048576K
}
Event: 2047.730 GC heap before
{Heap before GC invocations=38 (full 14):
 PSYoungGen      total 276480K, used 4146K [0x000000076bb80000, 0x0000000781900000, 0x00000007c0000000)
  eden space 271872K, 0% used [0x000000076bb80000,0x000000076bb80000,0x000000077c500000)
  from space 4608K, 89% used [0x0000000781480000,0x000000078188cbf0,0x0000000781900000)
  to   space 13824K, 0% used [0x000000077fe00000,0x000000077fe00000,0x0000000780b80000)
 ParOldGen       total 132096K, used 28696K [0x00000006c3200000, 0x00000006cb300000, 0x000000076bb80000)
  object space 132096K, 21% used [0x00000006c3200000,0x00000006c4e06248,0x00000006cb300000)
 Metaspace       used 53990K, capacity 58992K, committed 59136K, reserved 1099776K
  class space    used 7298K, capacity 8394K, committed 8448K, reserved 1048576K
Event: 2047.862 GC heap after
Heap after GC invocations=38 (full 14):
 PSYoungGen      total 276480K, used 0K [0x000000076bb80000, 0x0000000781900000, 0x00000007c0000000)
  eden space 271872K, 0% used [0x000000076bb80000,0x000000076bb80000,0x000000077c500000)
  from space 4608K, 0% used [0x0000000781480000,0x0000000781480000,0x0000000781900000)
  to   space 13824K, 0% used [0x000000077fe00000,0x000000077fe00000,0x0000000780b80000)
 ParOldGen       total 132096K, used 27596K [0x00000006c3200000, 0x00000006cb300000, 0x000000076bb80000)
  object space 132096K, 20% used [0x00000006c3200000,0x00000006c4cf3048,0x00000006cb300000)
 Metaspace       used 53984K, capacity 58980K, committed 59136K, reserved 1099776K
  class space    used 7297K, capacity 8391K, committed 8448K, reserved 1048576K
}

Deoptimization events (0 events):
No events

Internal exceptions (10 events):
Event: 2060.934 Thread 0x0000000024549800 Exception <a 'java/lang/ArrayIndexOutOfBoundsException'> (0x0000000775693b00) thrown at [C:\re\workspace\8-2-build-windows-amd64-cygwin\jdk8u45\3627\hotspot\src\share\vm\runtime\sharedRuntime.cpp, line 605]
Event: 2060.934 Thread 0x0000000024549800 Exception <a 'java/lang/ArrayIndexOutOfBoundsException'> (0x0000000775695f40) thrown at [C:\re\workspace\8-2-build-windows-amd64-cygwin\jdk8u45\3627\hotspot\src\share\vm\runtime\sharedRuntime.cpp, line 605]
Event: 2060.934 Thread 0x0000000024549800 Exception <a 'java/lang/ArrayIndexOutOfBoundsException'> (0x000000077569aec8) thrown at [C:\re\workspace\8-2-build-windows-amd64-cygwin\jdk8u45\3627\hotspot\src\share\vm\runtime\sharedRuntime.cpp, line 605]
Event: 2060.934 Thread 0x0000000024549800 Exception <a 'java/lang/ArrayIndexOutOfBoundsException'> (0x000000077569d4a0) thrown at [C:\re\workspace\8-2-build-windows-amd64-cygwin\jdk8u45\3627\hotspot\src\share\vm\runtime\sharedRuntime.cpp, line 605]
Event: 2060.934 Thread 0x0000000024549800 Exception <a 'java/lang/ArrayIndexOutOfBoundsException'> (0x000000077569fa58) thrown at [C:\re\workspace\8-2-build-windows-amd64-cygwin\jdk8u45\3627\hotspot\src\share\vm\runtime\sharedRuntime.cpp, line 605]
Event: 2060.935 Thread 0x0000000024549800 Exception <a 'java/lang/ArrayIndexOutOfBoundsException'> (0x00000007756a2010) thrown at [C:\re\workspace\8-2-build-windows-amd64-cygwin\jdk8u45\3627\hotspot\src\share\vm\runtime\sharedRuntime.cpp, line 605]
Event: 2060.935 Thread 0x0000000024549800 Exception <a 'java/lang/ArrayIndexOutOfBoundsException'> (0x00000007756c0228) thrown at [C:\re\workspace\8-2-build-windows-amd64-cygwin\jdk8u45\3627\hotspot\src\share\vm\runtime\sharedRuntime.cpp, line 605]
Event: 2060.935 Thread 0x0000000024549800 Exception <a 'java/lang/ArrayIndexOutOfBoundsException'> (0x00000007756c27c0) thrown at [C:\re\workspace\8-2-build-windows-amd64-cygwin\jdk8u45\3627\hotspot\src\share\vm\runtime\sharedRuntime.cpp, line 605]
Event: 2060.935 Thread 0x0000000024549800 Exception <a 'java/lang/ArrayIndexOutOfBoundsException'> (0x00000007756c4d58) thrown at [C:\re\workspace\8-2-build-windows-amd64-cygwin\jdk8u45\3627\hotspot\src\share\vm\runtime\sharedRuntime.cpp, line 605]
Event: 2060.936 Thread 0x0000000024549800 Exception <a 'java/lang/ArrayIndexOutOfBoundsException'> (0x00000007756c72f0) thrown at [C:\re\workspace\8-2-build-windows-amd64-cygwin\jdk8u45\3627\hotspot\src\share\vm\runtime\sharedRuntime.cpp, line 605]

Events (10 events):
Event: 2079.080 Thread 0x000000002484f000 DEOPT UNPACKING pc=0x000000000311787f sp=0x000000003f68efb0 mode 0
Event: 2116.246 Thread 0x000000002454b000 Thread exited: 0x000000002454b000
Event: 2120.971 Thread 0x000000002454c800 DEOPT PACKING pc=0x000000000427a044 sp=0x000000003ea8ee60
Event: 2120.971 Thread 0x000000002454c800 DEOPT UNPACKING pc=0x000000000311787f sp=0x000000003ea8ec70 mode 0
Event: 2120.971 Executing VM operation: RevokeBias
Event: 2120.971 Executing VM operation: RevokeBias done
Event: 2124.080 Thread 0x000000002484c000 Thread exited: 0x000000002484c000
Event: 2131.291 Thread 0x0000000024540800 Thread exited: 0x0000000024540800
Event: 2191.637 Executing VM operation: RedefineClasses
Event: 2192.096 Executing VM operation: RedefineClasses done


Dynamic libraries:
0x00007ff7b3dd0000 - 0x00007ff7b3e07000 	C:\Program Files\Java\jdk1.8.0_45\bin\javaw.exe
0x00007ff85e930000 - 0x00007ff85eb11000 	C:\Windows\SYSTEM32\ntdll.dll
0x00007ff85e370000 - 0x00007ff85e421000 	C:\Windows\System32\KERNEL32.DLL
0x00007ff85ba90000 - 0x00007ff85bd03000 	C:\Windows\System32\KERNELBASE.dll
0x00007ff85cc70000 - 0x00007ff85cd11000 	C:\Windows\System32\ADVAPI32.dll
0x00007ff85c470000 - 0x00007ff85c50e000 	C:\Windows\System32\msvcrt.dll
0x00007ff85e6c0000 - 0x00007ff85e71b000 	C:\Windows\System32\sechost.dll
0x00007ff85e430000 - 0x00007ff85e554000 	C:\Windows\System32\RPCRT4.dll
0x00007ff85be30000 - 0x00007ff85bfc0000 	C:\Windows\System32\USER32.dll
0x00007ff85ad00000 - 0x00007ff85ad20000 	C:\Windows\System32\win32u.dll
0x00007ff85cea0000 - 0x00007ff85cec8000 	C:\Windows\System32\GDI32.dll
0x00007ff85b0e0000 - 0x00007ff85b272000 	C:\Windows\System32\gdi32full.dll
0x00007ff85af70000 - 0x00007ff85b00f000 	C:\Windows\System32\msvcp_win.dll
0x00007ff85b280000 - 0x00007ff85b378000 	C:\Windows\System32\ucrtbase.dll
0x00007ff84dec0000 - 0x00007ff84e129000 	C:\Windows\WinSxS\amd64_microsoft.windows.common-controls_6595b64144ccf1df_6.0.17134.765_none_fb42a1a930655896\COMCTL32.dll
0x00007ff85c090000 - 0x00007ff85c3b2000 	C:\Windows\System32\combase.dll
0x00007ff85b060000 - 0x00007ff85b0da000 	C:\Windows\System32\bcryptPrimitives.dll
0x00007ff85e7f0000 - 0x00007ff85e81d000 	C:\Windows\System32\IMM32.DLL
0x00007ff8596e0000 - 0x00007ff85973a000 	C:\PROGRA~2\BMCSOF~1\BBCA\Tuner\lib\MRBHOO~1.DLL
0x00007ff831a40000 - 0x00007ff8320d5000 	C:\Program Files\McAfee\DLP\Agent\fcagpph64.dll
0x00007ff85ced0000 - 0x00007ff85e310000 	C:\Windows\System32\SHELL32.dll
0x00007ff85b010000 - 0x00007ff85b059000 	C:\Windows\System32\cfgmgr32.dll
0x00007ff85e740000 - 0x00007ff85e7e9000 	C:\Windows\System32\shcore.dll
0x00007ff85b380000 - 0x00007ff85ba8d000 	C:\Windows\System32\windows.storage.dll
0x00007ff85bdd0000 - 0x00007ff85be21000 	C:\Windows\System32\shlwapi.dll
0x00007ff854ba0000 - 0x00007ff854c25000 	C:\Windows\SYSTEM32\WINSPOOL.DRV
0x00007ff85ac40000 - 0x00007ff85ac51000 	C:\Windows\System32\kernel.appcore.dll
0x00007ff85acb0000 - 0x00007ff85accf000 	C:\Windows\System32\profapi.dll
0x00007ff85ac60000 - 0x00007ff85acac000 	C:\Windows\System32\powrprof.dll
0x00007ff85acd0000 - 0x00007ff85acda000 	C:\Windows\System32\FLTLIB.DLL
0x00007ff85e560000 - 0x00007ff85e6b1000 	C:\Windows\System32\ole32.dll
0x00007ff85e880000 - 0x00007ff85e888000 	C:\Windows\System32\PSAPI.DLL
0x00007ff856940000 - 0x00007ff856af4000 	C:\Windows\SYSTEM32\PROPSYS.dll
0x00007ff85a200000 - 0x00007ff85a238000 	C:\Windows\SYSTEM32\IPHLPAPI.DLL
0x00007ff85a7a0000 - 0x00007ff85a7c5000 	C:\Windows\SYSTEM32\bcrypt.dll
0x00007ff85bfc0000 - 0x00007ff85c082000 	C:\Windows\System32\OLEAUT32.dll
0x00007ff8504e0000 - 0x00007ff8504ea000 	C:\Windows\SYSTEM32\VERSION.dll
0x00007ff859a00000 - 0x00007ff859a31000 	C:\Windows\SYSTEM32\ntmarta.dll
0x00007ff859630000 - 0x00007ff8596dc000 	C:\Windows\system32\tmumh\20019\AddOn\7.0.0.1160\TmUmEvt64.dll
0x000000006c620000 - 0x000000006c73d000 	C:\Windows\system32\tmumh\20019\TmMon\2.5.0.2081\tmmon64.dll
0x00000000690d0000 - 0x00000000691a2000 	C:\Program Files\Java\jdk1.8.0_45\jre\bin\msvcr100.dll
0x00000000678c0000 - 0x0000000068143000 	C:\Program Files\Java\jdk1.8.0_45\jre\bin\server\jvm.dll
0x00007ff84d0c0000 - 0x00007ff84d0c9000 	C:\Windows\SYSTEM32\WSOCK32.dll
0x0000000002ce0000 - 0x0000000002d4c000 	C:\Windows\System32\WS2_32.dll
0x00007ff858bf0000 - 0x00007ff858c13000 	C:\Windows\SYSTEM32\WINMM.dll
0x00007ff858bc0000 - 0x00007ff858bea000 	C:\Windows\SYSTEM32\WINMMBASE.dll
0x000000006be50000 - 0x000000006be5f000 	C:\Program Files\Java\jdk1.8.0_45\jre\bin\verify.dll
0x000000006be20000 - 0x000000006be49000 	C:\Program Files\Java\jdk1.8.0_45\jre\bin\java.dll
0x000000006bc70000 - 0x000000006bca5000 	C:\Program Files\Java\jdk1.8.0_45\jre\bin\jdwp.dll
0x000000006bc60000 - 0x000000006bc68000 	C:\Program Files\Java\jdk1.8.0_45\jre\bin\npt.dll
0x000000006bd20000 - 0x000000006bd36000 	C:\Program Files\Java\jdk1.8.0_45\jre\bin\zip.dll
0x000000006bc50000 - 0x000000006bc59000 	C:\Program Files\Java\jdk1.8.0_45\jre\bin\dt_socket.dll
0x00007ff852db0000 - 0x00007ff852dc6000 	C:\Windows\system32\napinsp.dll
0x00007ff852e10000 - 0x00007ff852e2a000 	C:\Windows\system32\pnrpnsp.dll
0x00007ff857330000 - 0x00007ff857349000 	C:\Windows\system32\NLAapi.dll
0x00007ff85a470000 - 0x00007ff85a4d6000 	C:\Windows\System32\mswsock.dll
0x00007ff85a240000 - 0x00007ff85a2fe000 	C:\Windows\SYSTEM32\DNSAPI.dll
0x00007ff85c3c0000 - 0x00007ff85c3c8000 	C:\Windows\System32\NSI.dll
0x00007ff852e40000 - 0x00007ff852e4e000 	C:\Windows\System32\winrnr.dll
0x00007ff8542f0000 - 0x00007ff854362000 	C:\Windows\System32\fwpuclnt.dll
0x00007ff853e00000 - 0x00007ff853e0a000 	C:\Windows\System32\rasadhlp.dll
0x000000006be10000 - 0x000000006be1d000 	C:\Program Files\Java\jdk1.8.0_45\jre\bin\management.dll
0x000000006bd00000 - 0x000000006bd1a000 	C:\Program Files\Java\jdk1.8.0_45\jre\bin\net.dll
0x000000006bce0000 - 0x000000006bcf1000 	C:\Program Files\Java\jdk1.8.0_45\jre\bin\nio.dll
0x00007ff85a680000 - 0x00007ff85a697000 	C:\Windows\SYSTEM32\CRYPTSP.dll
0x00007ff859e30000 - 0x00007ff859e63000 	C:\Windows\system32\rsaenh.dll
0x00007ff85ab70000 - 0x00007ff85ab98000 	C:\Windows\SYSTEM32\USERENV.dll
0x00007ff85a5d0000 - 0x00007ff85a5db000 	C:\Windows\SYSTEM32\CRYPTBASE.dll
0x0000000020390000 - 0x00000000203a6000 	C:\Windows\SYSTEM32\dhcpcsvc6.DLL
0x00000000203b0000 - 0x00000000203ca000 	C:\Windows\SYSTEM32\dhcpcsvc.DLL
0x000000006bcb0000 - 0x000000006bcd4000 	C:\Program Files\Java\jdk1.8.0_45\jre\bin\sunec.dll
0x00007ff84f560000 - 0x00007ff84f729000 	C:\Windows\SYSTEM32\dbghelp.dll

VM Arguments:
jvm_args: -agentlib:jdwp=transport=dt_socket,suspend=y,address=localhost:65464 -Dcom.sun.management.jmxremote -Dcom.sun.management.jmxremote.port=65463 -Dcom.sun.management.jmxremote.authenticate=false -Dcom.sun.management.jmxremote.ssl=false -Djava.rmi.server.hostname=localhost -Dspring.jmx.enabled=true -Dspring.application.admin.enabled=true -Xverify:none -XX:TieredStopAtLevel=1 -Dfile.encoding=UTF-8 
java_command: com.psl.cc.analytics.CcMiddlewareApplication --spring.output.ansi.enabled=always
java_class_path (initial): D:\Jasper CC\Use case\CC-Analytics\CC_Middleware\target\classes;C:\Users\ashishkumar_bhavsar\.m2\repository\org\springframework\boot\spring-boot-starter-data-mongodb\2.1.5.RELEASE\spring-boot-starter-data-mongodb-2.1.5.RELEASE.jar;C:\Users\ashishkumar_bhavsar\.m2\repository\org\springframework\boot\spring-boot-starter\2.1.5.RELEASE\spring-boot-starter-2.1.5.RELEASE.jar;C:\Users\ashishkumar_bhavsar\.m2\repository\org\springframework\boot\spring-boot-starter-logging\2.1.5.RELEASE\spring-boot-starter-logging-2.1.5.RELEASE.jar;C:\Users\ashishkumar_bhavsar\.m2\repository\ch\qos\logback\logback-classic\1.2.3\logback-classic-1.2.3.jar;C:\Users\ashishkumar_bhavsar\.m2\repository\ch\qos\logback\logback-core\1.2.3\logback-core-1.2.3.jar;C:\Users\ashishkumar_bhavsar\.m2\repository\org\apache\logging\log4j\log4j-to-slf4j\2.11.2\log4j-to-slf4j-2.11.2.jar;C:\Users\ashishkumar_bhavsar\.m2\repository\org\apache\logging\log4j\log4j-api\2.11.2\log4j-api-2.11.2.jar;C:\Users\ashishkumar_bhavsar\.m2\repository\org\slf4j\jul-to-slf4j\1.7.26\jul-to-slf4j-1.7.26.jar;C:\Users\ashishkumar_bhavsar\.m2\repository\org\yaml\snakeyaml\1.23\snakeyaml-1.23.jar;C:\Users\ashishkumar_bhavsar\.m2\repository\org\mongodb\mongodb-driver\3.8.2\mongodb-driver-3.8.2.jar;C:\Users\ashishkumar_bhavsar\.m2\repository\org\mongodb\bson\3.8.2\bson-3.8.2.jar;C:\Users\ashishkumar_bhavsar\.m2\repository\org\mongodb\mongodb-driver-core\3.8.2\mongodb-driver-core-3.8.2.jar;C:\Users\ashishkumar_bhavsar\.m2\repository\org\springframework\data\spring-data-mongodb\2.1.8.RELEASE\spring-data-mongodb-2.1.8.RELEASE.jar;C:\Users\ashishkumar_bhavsar\.m2\repository\org\springframework\spring-tx\5.1.7.RELEASE\spring-tx-5.1.7.RELEASE.jar;C:\Users\ashishkumar_bhavsar\.m2\repository\org\springframework\spring-expression\5.1.7.RELEASE\spring-expression-5.1.7.RELEASE.jar;C:\Users\ashishkumar_bhavsar\.m2\repository\org\springframework\data\spring-data-commons\2.1.8.RELEASE\spring-data-commons-2.1.8.RELEASE.jar
Launcher Type: SUN_STANDARD

Environment Variables:
JAVA_HOME=C:\Program Files\Java\jdk1.8.0_45
PATH=C:\Program Files\Java\jdk1.8.0_45\jre\bin;C:/Program Files/Java/jdk1.8.0_45/bin/../jre/bin/server;C:/Program Files/Java/jdk1.8.0_45/bin/../jre/bin;C:/Program Files/Java/jdk1.8.0_45/bin/../jre/lib/amd64;C:\Program Files\Docker\Docker\Resources\bin;C:\Windows\system32;C:\Windows;C:\Windows\System32\Wbem;C:\Windows\System32\WindowsPowerShell\v1.0\;C:\Windows\System32\OpenSSH\;C:\Program Files (x86)\MySQL\MySQL Fabric 1.5.4 & MySQL Utilities 1.5.4 1.5\;C:\Program Files (x86)\MySQL\MySQL Fabric 1.5.4 & MySQL Utilities 1.5.4 1.5\Doctrine extensions for PHP\;C:\Program Files (x86)\Microsoft VS Code\bin;C:\Program Files\dotnet\;C:\Go\bin;C:\Program Files\nodejs\;C:\Users\ashishkumar_bhavsar\AppData\Local\Continuum\anaconda3;C:\Users\ashishkumar_bhavsar\AppData\Local\Continuum\anaconda3\Library\mingw-w64\bin;C:\Users\ashishkumar_bhavsar\AppData\Local\Continuum\anaconda3\Library\usr\bin;C:\Users\ashishkumar_bhavsar\AppData\Local\Continuum\anaconda3\Library\bin;C:\Users\ashishkumar_bhavsar\AppData\Local\Continuum\anaconda3\Scripts;C:\Program Files\Java\jdk1.8.0_45\bin;C:\apache-maven-3.6.0\bin;C:\Users\ashishkumar_bhavsar\AppData\Local\Programs\Python\Python37-32;C:\make\GetGnuWin32\gnuwin32\bin;C:\Program Files\PostgreSQL\10\bin;C:\Users\ashishkumar_bhavsar\AppData\Local\Microsoft\WindowsApps;C:\Users\ashishkumar_bhavsar\AppData\Local\Programs\Git\cmd;C:\Users\ashishkumar_bhavsar\AppData\Local\Programs\Python\Python37-32\Scripts;C:\Users\ashishkumar_bhavsar\AppData\Local\Programs\Microsoft VS Code\bin;C:\Users\ashishkumar_bhavsar\AppData\Local\GitHubDesktop\bin;C:\Users\ashishkumar_bhavsar\AppData\Roaming\npm;C:\Program Files\MongoDB\Server\4.0\bin;;C:\STS\sts-4.2.2.RELEASE;
USERNAME=ashishkumar_bhavsar
OS=Windows_NT
PROCESSOR_IDENTIFIER=Intel64 Family 6 Model 60 Stepping 3, GenuineIntel



---------------  S Y S T E M  ---------------

OS: Windows 10.0 , 64 bit Build 17134 (10.0.17134.753)

CPU:total 8 (4 cores per cpu, 2 threads per core) family 6 model 60 stepping 3, cmov, cx8, fxsr, mmx, sse, sse2, sse3, ssse3, sse4.1, sse4.2, popcnt, avx, avx2, clmul, erms, lzcnt, ht, tsc, tscinvbit, bmi1, bmi2

Memory: 4k page, physical 16570196k(7463620k free), swap 24172372k(10715056k free)

vm_info: Java HotSpot(TM) 64-Bit Server VM (25.45-b02) for windows-amd64 JRE (1.8.0_45-b15), built on Apr 30 2015 12:40:44 by "java_re" with MS VC++ 10.0 (VS2010)

time: Tue Jun 11 14:12:53 2019
elapsed time: 2192 seconds (0d 0h 36m 32s)

